Start testing: Mar 23 12:06 +08
----------------------------------------------------------
1/1 Testing: submodule1
1/1 Test: submodule1
Command: "/Users/dp/Desktop/speqtral_challenge/master-software/submodule-1/build/test-submodule1"
Directory: /Users/dp/Desktop/speqtral_challenge/master-software/submodule-1/build
"submodule1" start time: Mar 23 12:06 +08
Output:
----------------------------------------------------------
[==========] Running 1 test from 1 test suite.
[----------] Global test environment set-up.
[----------] 1 test from Submodule1Test
[ RUN      ] Submodule1Test.PrintTest
[       OK ] Submodule1Test.PrintTest (8 ms)
[----------] 1 test from Submodule1Test (8 ms total)

[----------] Global test environment tear-down
[==========] 1 test from 1 test suite ran. (8 ms total)
[  PASSED  ] 1 test.
<end of output>
Test time =   0.28 sec
----------------------------------------------------------
Test Passed.
"submodule1" end time: Mar 23 12:06 +08
"submodule1" time elapsed: 00:00:00
----------------------------------------------------------

End testing: Mar 23 12:06 +08
